[main] INFO  c.e.e.EventmanagementApiApplication - Starting EventmanagementApiApplication on HOMEPC with PID 11224 (D:\work\development\projects\eventmanagement-api\out\production\classes started by user in D:\work\development\projects\eventmanagement-api)
[main] DEBUG c.e.e.EventmanagementApiApplication - Running with Spring Boot v2.1.1.RELEASE, Spring v5.1.3.RELEASE
[main] INFO  c.e.e.EventmanagementApiApplication - No active profile set, falling back to default profiles: default
[main] INFO  o.s.d.r.c.RepositoryConfigurationDelegate - Bootstrapping Spring Data repositories in DEFAULT mode.
[main] INFO  o.s.d.r.c.RepositoryConfigurationDelegate - Finished Spring Data repository scanning in 48ms. Found 6 repository interfaces.
[main] INFO  o.s.c.s.PostProcessorRegistrationDelegate$BeanPostProcessorChecker - Bean 'org.springframework.transaction.annotation.ProxyTransactionManagementConfiguration' of type [org.springframework.transaction.annotation.ProxyTransactionManagementConfiguration$$EnhancerBySpringCGLIB$$d7e50995] is not eligible for getting processed by all BeanPostProcessors (for example: not eligible for auto-proxying)
[main] INFO  o.s.c.s.PostProcessorRegistrationDelegate$BeanPostProcessorChecker - Bean 'org.springframework.hateoas.config.HateoasConfiguration' of type [org.springframework.hateoas.config.HateoasConfiguration$$EnhancerBySpringCGLIB$$576556c7] is not eligible for getting processed by all BeanPostProcessors (for example: not eligible for auto-proxying)
[main] INFO  o.s.b.w.e.tomcat.TomcatWebServer - Tomcat initialized with port(s): 8080 (http)
[main] INFO  o.a.coyote.http11.Http11NioProtocol - Initializing ProtocolHandler ["http-nio-8080"]
[main] INFO  o.a.catalina.core.StandardService - Starting service [Tomcat]
[main] INFO  o.a.catalina.core.StandardEngine - Starting Servlet Engine: Apache Tomcat/9.0.13
[main] INFO  o.a.c.core.AprLifecycleListener - The APR based Apache Tomcat Native library which allows optimal performance in production environments was not found on the java.library.path: [C:\Program Files\Java\jdk1.8.0_181\bin;C:\Windows\Sun\Java\bin;C:\Windows\system32;C:\Windows;C:\Program Files (x86)\Common Files\Oracle\Java\javapath;C:\Windows\system32;C:\Windows;C:\Windows\System32\Wbem;C:\Windows\System32\WindowsPowerShell\v1.0\;C:\Windows\System32\OpenSSH\;C:\Program Files (x86)\NVIDIA Corporation\PhysX\Common;C:\Program Files\Microsoft VS Code\bin;C:\Program Files\Git\cmd;C:\Program Files\PuTTY\;C:\Users\user\AppData\Local\Microsoft\WindowsApps;;.]
[main] INFO  o.a.c.c.C.[.[.[/mmsmessaging-api] - Initializing Spring embedded WebApplicationContext
[main] INFO  o.s.web.context.ContextLoader - Root WebApplicationContext: initialization completed in 1579 ms
[main] INFO  com.zaxxer.hikari.HikariDataSource - mmsmessaging - Starting...
[main] INFO  com.zaxxer.hikari.HikariDataSource - mmsmessaging - Start completed.
[main] INFO  o.h.jpa.internal.util.LogHelper - HHH000204: Processing PersistenceUnitInfo [
	name: default
	...]
[main] INFO  org.hibernate.Version - HHH000412: Hibernate Core {5.3.7.Final}
[main] INFO  org.hibernate.cfg.Environment - HHH000206: hibernate.properties not found
[main] INFO  o.h.annotations.common.Version - HCANN000001: Hibernate Commons Annotations {5.0.4.Final}
[main] INFO  org.hibernate.dialect.Dialect - HHH000400: Using dialect: org.hibernate.dialect.H2Dialect
[main] DEBUG org.hibernate.SQL - 
    
    drop table cm_messages if exists
[main] DEBUG org.hibernate.SQL - 
    
    drop table cm_push_batches if exists
[main] DEBUG org.hibernate.SQL - 
    
    drop table dw_customers if exists
[main] DEBUG org.hibernate.SQL - 
    
    drop table event if exists
[main] DEBUG org.hibernate.SQL - 
    
    drop table organizer if exists
[main] DEBUG org.hibernate.SQL - 
    
    drop table participant if exists
[main] DEBUG org.hibernate.SQL - 
    
    drop table venue if exists
[main] DEBUG org.hibernate.SQL - 
    
    drop sequence if exists hibernate_sequence
[main] DEBUG org.hibernate.SQL - create sequence hibernate_sequence start with 1 increment by 1
[main] DEBUG org.hibernate.SQL - 
    
    create table cm_messages (
       message_id bigint generated by default as identity,
        campaign_id integer not null,
        channel_id integer not null,
        created timestamp,
        status integer not null,
        batch_id bigint not null,
        cust_id integer not null,
        primary key (message_id)
    )
[main] DEBUG org.hibernate.SQL - 
    
    create table cm_push_batches (
       batch_id bigint generated by default as identity,
        channel_id integer not null,
        consumed timestamp,
        created timestamp,
        status integer not null,
        primary key (batch_id)
    )
[main] DEBUG org.hibernate.SQL - 
    
    create table dw_customers (
       cust_id integer not null,
        address varchar(255),
        city varchar(255),
        firstname varchar(255),
        lastname varchar(255),
        state varchar(255),
        primary key (cust_id)
    )
[main] DEBUG org.hibernate.SQL - 
    
    create table event (
       id bigint not null,
        created timestamp,
        description varchar(255),
        end_time timestamp,
        name varchar(255),
        start_time timestamp,
        started boolean,
        zone_id binary(255),
        organizer_id bigint not null,
        venue_id bigint,
        primary key (id)
    )
[main] DEBUG org.hibernate.SQL - 
    
    create table organizer (
       id bigint not null,
        created timestamp,
        name varchar(255),
        primary key (id)
    )
[main] DEBUG org.hibernate.SQL - 
    
    create table participant (
       id bigint not null,
        created timestamp,
        checked_in boolean,
        email varchar(255) not null,
        name varchar(255) not null,
        event_id bigint not null,
        primary key (id)
    )
[main] DEBUG org.hibernate.SQL - 
    
    create table venue (
       id bigint not null,
        created timestamp,
        city varchar(255),
        country varchar(255),
        name varchar(255),
        postal_code varchar(255),
        state varchar(255),
        street_address varchar(255),
        street_address2 varchar(255),
        primary key (id)
    )
[main] DEBUG org.hibernate.SQL - 
    
    alter table cm_messages 
       add constraint FKkenq5fc2eddn4q3gabghaq674 
       foreign key (batch_id) 
       references cm_push_batches
[main] DEBUG org.hibernate.SQL - 
    
    alter table cm_messages 
       add constraint FKo52au7swyov7wwyrfel7mdsva 
       foreign key (cust_id) 
       references dw_customers
[main] DEBUG org.hibernate.SQL - 
    
    alter table event 
       add constraint FKik6obgrxb8c6aakhf8fj7gs9h 
       foreign key (organizer_id) 
       references organizer
[main] DEBUG org.hibernate.SQL - 
    
    alter table event 
       add constraint FKthgbmd6s6hp4l47kx1sh4cf9n 
       foreign key (venue_id) 
       references venue
[main] DEBUG org.hibernate.SQL - 
    
    alter table participant 
       add constraint FKojeqkvv72xcx0ytdqkik7objq 
       foreign key (event_id) 
       references event
[main] INFO  o.h.t.s.internal.SchemaCreatorImpl - HHH000476: Executing import script 'org.hibernate.tool.schema.internal.exec.ScriptSourceInputNonExistentImpl@1d55dd21'
[main] INFO  o.s.o.j.LocalContainerEntityManagerFactoryBean - Initialized JPA EntityManagerFactory for persistence unit 'default'
[main] INFO  o.h.h.i.QueryTranslatorFactoryInitiator - HHH000397: Using ASTQueryTranslatorFactory
[main] WARN  o.s.b.a.o.j.JpaBaseConfiguration$JpaWebConfiguration$JpaWebMvcConfiguration - spring.jpa.open-in-view is enabled by default. Therefore, database queries may be performed during view rendering. Explicitly configure spring.jpa.open-in-view to disable this warning
[main] INFO  s.d.s.w.PropertySourcedRequestMappingHandlerMapping - Mapped URL path [/v2/api-docs] onto method [public org.springframework.http.ResponseEntity<springfox.documentation.spring.web.json.Json> springfox.documentation.swagger2.web.Swagger2Controller.getDocumentation(java.lang.String,javax.servlet.http.HttpServletRequest)]
[main] INFO  o.s.s.c.ThreadPoolTaskExecutor - Initializing ExecutorService 'applicationTaskExecutor'
[main] INFO  o.s.s.web.DefaultSecurityFilterChain - Creating filter chain: any request, [org.springframework.security.web.context.request.async.WebAsyncManagerIntegrationFilter@575c23f1, org.springframework.security.web.context.SecurityContextPersistenceFilter@20c283b4, org.springframework.security.web.header.HeaderWriterFilter@7ebaf0d, org.springframework.security.web.authentication.logout.LogoutFilter@21ab919c, org.springframework.security.web.authentication.www.BasicAuthenticationFilter@206bd7a0, org.springframework.security.web.savedrequest.RequestCacheAwareFilter@a251135, org.springframework.security.web.servletapi.SecurityContextHolderAwareRequestFilter@47772462, org.springframework.security.web.authentication.AnonymousAuthenticationFilter@62f7d7bd, org.springframework.security.web.session.SessionManagementFilter@446a5aa5, org.springframework.security.web.access.ExceptionTranslationFilter@6cc44207, org.springframework.security.web.access.intercept.FilterSecurityInterceptor@2c4be45f]
[main] INFO  s.d.s.w.p.DocumentationPluginsBootstrapper - Context refreshed
[main] INFO  s.d.s.w.p.DocumentationPluginsBootstrapper - Found 1 custom documentation plugin(s)
[main] INFO  s.d.s.w.s.ApiListingReferenceScanner - Scanning for api listing references
[main] INFO  o.a.coyote.http11.Http11NioProtocol - Starting ProtocolHandler ["http-nio-8080"]
[main] INFO  o.a.tomcat.util.net.NioSelectorPool - Using a shared selector for servlet write/read
[main] INFO  o.s.b.w.e.tomcat.TomcatWebServer - Tomcat started on port(s): 8080 (http) with context path '/mmsmessaging-api'
[main] INFO  c.e.e.EventmanagementApiApplication - Started EventmanagementApiApplication in 5.561 seconds (JVM running for 6.923)
[main] INFO  c.e.e.EventmanagementApiApplication - Starting EventmanagementApiApplication on HOMEPC with PID 3308 (D:\work\development\projects\eventmanagement-api\out\production\classes started by user in D:\work\development\projects\eventmanagement-api)
[main] DEBUG c.e.e.EventmanagementApiApplication - Running with Spring Boot v2.1.1.RELEASE, Spring v5.1.3.RELEASE
[main] INFO  c.e.e.EventmanagementApiApplication - No active profile set, falling back to default profiles: default
[main] INFO  o.s.d.r.c.RepositoryConfigurationDelegate - Bootstrapping Spring Data repositories in DEFAULT mode.
[main] INFO  o.s.d.r.c.RepositoryConfigurationDelegate - Finished Spring Data repository scanning in 56ms. Found 6 repository interfaces.
[main] INFO  o.s.c.s.PostProcessorRegistrationDelegate$BeanPostProcessorChecker - Bean 'org.springframework.transaction.annotation.ProxyTransactionManagementConfiguration' of type [org.springframework.transaction.annotation.ProxyTransactionManagementConfiguration$$EnhancerBySpringCGLIB$$23db04f7] is not eligible for getting processed by all BeanPostProcessors (for example: not eligible for auto-proxying)
[main] INFO  o.s.c.s.PostProcessorRegistrationDelegate$BeanPostProcessorChecker - Bean 'org.springframework.hateoas.config.HateoasConfiguration' of type [org.springframework.hateoas.config.HateoasConfiguration$$EnhancerBySpringCGLIB$$a35b5229] is not eligible for getting processed by all BeanPostProcessors (for example: not eligible for auto-proxying)
[main] INFO  o.s.b.w.e.tomcat.TomcatWebServer - Tomcat initialized with port(s): 8080 (http)
[main] INFO  o.a.coyote.http11.Http11NioProtocol - Initializing ProtocolHandler ["http-nio-8080"]
[main] INFO  o.a.catalina.core.StandardService - Starting service [Tomcat]
[main] INFO  o.a.catalina.core.StandardEngine - Starting Servlet Engine: Apache Tomcat/9.0.13
[main] INFO  o.a.c.core.AprLifecycleListener - The APR based Apache Tomcat Native library which allows optimal performance in production environments was not found on the java.library.path: [C:\Program Files\Java\jdk1.8.0_181\bin;C:\Windows\Sun\Java\bin;C:\Windows\system32;C:\Windows;C:\Program Files (x86)\Common Files\Oracle\Java\javapath;C:\Windows\system32;C:\Windows;C:\Windows\System32\Wbem;C:\Windows\System32\WindowsPowerShell\v1.0\;C:\Windows\System32\OpenSSH\;C:\Program Files (x86)\NVIDIA Corporation\PhysX\Common;C:\Program Files\Microsoft VS Code\bin;C:\Program Files\Git\cmd;C:\Program Files\PuTTY\;C:\Users\user\AppData\Local\Microsoft\WindowsApps;;.]
[main] INFO  o.a.c.c.C.[.[.[/mmsmessaging-api] - Initializing Spring embedded WebApplicationContext
[main] INFO  o.s.web.context.ContextLoader - Root WebApplicationContext: initialization completed in 1579 ms
[main] INFO  com.zaxxer.hikari.HikariDataSource - mmsmessaging - Starting...
[main] INFO  com.zaxxer.hikari.HikariDataSource - mmsmessaging - Start completed.
[main] INFO  o.h.jpa.internal.util.LogHelper - HHH000204: Processing PersistenceUnitInfo [
	name: default
	...]
[main] INFO  org.hibernate.Version - HHH000412: Hibernate Core {5.3.7.Final}
[main] INFO  org.hibernate.cfg.Environment - HHH000206: hibernate.properties not found
[main] INFO  o.h.annotations.common.Version - HCANN000001: Hibernate Commons Annotations {5.0.4.Final}
[main] INFO  org.hibernate.dialect.Dialect - HHH000400: Using dialect: org.hibernate.dialect.H2Dialect
[main] INFO  o.h.t.s.internal.SchemaCreatorImpl - HHH000476: Executing import script 'org.hibernate.tool.schema.internal.exec.ScriptSourceInputNonExistentImpl@20c3b34b'
[main] INFO  o.s.o.j.LocalContainerEntityManagerFactoryBean - Initialized JPA EntityManagerFactory for persistence unit 'default'
[main] INFO  o.h.h.i.QueryTranslatorFactoryInitiator - HHH000397: Using ASTQueryTranslatorFactory
[main] WARN  o.s.b.a.o.j.JpaBaseConfiguration$JpaWebConfiguration$JpaWebMvcConfiguration - spring.jpa.open-in-view is enabled by default. Therefore, database queries may be performed during view rendering. Explicitly configure spring.jpa.open-in-view to disable this warning
[main] INFO  s.d.s.w.PropertySourcedRequestMappingHandlerMapping - Mapped URL path [/v2/api-docs] onto method [public org.springframework.http.ResponseEntity<springfox.documentation.spring.web.json.Json> springfox.documentation.swagger2.web.Swagger2Controller.getDocumentation(java.lang.String,javax.servlet.http.HttpServletRequest)]
[main] INFO  o.s.s.c.ThreadPoolTaskExecutor - Initializing ExecutorService 'applicationTaskExecutor'
[main] INFO  o.s.s.web.DefaultSecurityFilterChain - Creating filter chain: any request, [org.springframework.security.web.context.request.async.WebAsyncManagerIntegrationFilter@37b470df, org.springframework.security.web.context.SecurityContextPersistenceFilter@d65e744, org.springframework.security.web.header.HeaderWriterFilter@26feccf7, org.springframework.security.web.authentication.logout.LogoutFilter@3c82bac3, org.springframework.security.web.authentication.www.BasicAuthenticationFilter@20163008, org.springframework.security.web.savedrequest.RequestCacheAwareFilter@1a85e86e, org.springframework.security.web.servletapi.SecurityContextHolderAwareRequestFilter@1ecec098, org.springframework.security.web.authentication.AnonymousAuthenticationFilter@359ea595, org.springframework.security.web.session.SessionManagementFilter@1c4aa701, org.springframework.security.web.access.ExceptionTranslationFilter@7112fa5, org.springframework.security.web.access.intercept.FilterSecurityInterceptor@3dec769]
[main] INFO  s.d.s.w.p.DocumentationPluginsBootstrapper - Context refreshed
[main] INFO  s.d.s.w.p.DocumentationPluginsBootstrapper - Found 1 custom documentation plugin(s)
[main] INFO  s.d.s.w.s.ApiListingReferenceScanner - Scanning for api listing references
[main] INFO  o.a.coyote.http11.Http11NioProtocol - Starting ProtocolHandler ["http-nio-8080"]
[main] INFO  o.a.tomcat.util.net.NioSelectorPool - Using a shared selector for servlet write/read
[main] INFO  o.s.b.w.e.tomcat.TomcatWebServer - Tomcat started on port(s): 8080 (http) with context path '/mmsmessaging-api'
[main] INFO  c.e.e.EventmanagementApiApplication - Started EventmanagementApiApplication in 5.61 seconds (JVM running for 7.035)
